[ INFO] Inferred PYTHON language
-------- Launch arguments --------
Master:                    s07r2b10
Workers:                   
Tasks per Node:            -1
CPUs per Node:             48
GPUs per Node:             0
FPGAs per Node:            0
CPU Affinity:              automatic
GPU Affinity:              automatic
FPGA Affinity:             automatic
FPGA reprogram command:    
Network:                   
Worker in Master CPUs:     48
Worker in Master Memory:   92
Master Port:               43588
Master WD:                 .
Worker WD:                 /home/bsc23/bsc23210/macshare/biobb_wf_pmxligand/tmp.50HikJaXz1
Master JVM Opts:           
Workers JVM Opts:          -Dcompss.worker.removeWD=false
Worker in Master JVM Opts: 
Streaming Backend:         null
Streaming Master Port:     null
Library Path:              /home/bsc23/bsc23210/macshare/biobb_wf_pmxligand
Classpath:                 /home/bsc23/bsc23210/macshare/biobb_wf_pmxligand
Pythonpath:                /home/bsc23/bsc23210/macshare/biobb_wf_pmxligand
Appdir:			           /home/bsc23/bsc23210/macshare/biobb_wf_pmxligand
Lang:                      python
Python Interpreter:        python
Python version:            3
Python virtual env:        null
Python propagate virt env.:true
Python use MPI worker    .:false
COMM:                      es.bsc.compss.nio.master.NIOAdaptor
Prolog:                    
Epilog:                    
Storage conf:              null
Task execution:            compss
To COMPSs:                  -d pmxLig.py --config pmxLig.yaml
-----------------------------------
 
[LAUNCH_COMPSS] XML - Begin generation of project and resources files
[LAUNCH_COMPSS] Master will run in s07r2b10
[LAUNCH_COMPSS] List of workers: 
[LAUNCH_COMPSS] XML - Generating project at /home/bsc23/bsc23210/macshare/biobb_wf_pmxligand/tmp.50HikJaXz1/project_1579649734.xml
[LAUNCH_COMPSS] Worker WD mkdir: srun -n1 -N1 --nodelist=s07r2b10 bash -c "mkdir -p /home/bsc23/bsc23210/macshare/biobb_wf_pmxligand/tmp.50HikJaXz1 && chmod +rx /home/bsc23/bsc23210/macshare/biobb_wf_pmxligand/tmp.50HikJaXz1"
[LAUNCH_COMPSS] XML - Generating resources at /home/bsc23/bsc23210/macshare/biobb_wf_pmxligand/tmp.50HikJaXz1/resources_1579649734.xml
[LAUNCH_COMPSS] XML - Generation of project and resources files finished
[LAUNCH_COMPSS] XML - Project.xml:   /home/bsc23/bsc23210/macshare/biobb_wf_pmxligand/tmp.50HikJaXz1/project_1579649734.xml
[LAUNCH_COMPSS] XML - Resources.xml: /home/bsc23/bsc23210/macshare/biobb_wf_pmxligand/tmp.50HikJaXz1/resources_1579649734.xml
---- Executing Prolog actions ----
------ Launching COMPSs application ------
[LAUNCH_COMPSS] Launching worker in master with id 1 and command: srun -n1 -N1 --nodelist=-n1 -N1 --nodelist=s07r2b10 /apps/COMPSs/2.6/Runtime/scripts/system/adaptors/nio/persistent_worker_starter.sh /home/bsc23/bsc23210/macshare/biobb_wf_pmxligand             /home/bsc23/bsc23210/macshare/biobb_wf_pmxligand             /home/bsc23/bsc23210/macshare/biobb_wf_pmxligand             null             0                          0                          true             5             5             s07r2b10             43001             s07r2b10             43588             44000             48             0             0             automatic             automatic             automatic             -1             ffdfad80-fdfc-425b-85ce-74d1807151ce             python             /home/bsc23/bsc23210/macshare/biobb_wf_pmxligand/tmp.50HikJaXz1/ffdfad80-fdfc-425b-85ce-74d1807151ce/s07r2b10             /apps/COMPSs/2.6             /home/bsc23/bsc23210/macshare/biobb_wf_pmxligand             /home/bsc23/bsc23210/macshare/biobb_wf_pmxligand             /home/bsc23/bsc23210/macshare/biobb_wf_pmxligand             /home/bsc23/bsc23210/macshare/biobb_wf_pmxligand             0             null             1             null             compss             false             python             3             null             true             false
[LAUNCH_COMPSS] Number of spawned workers: 1
[LAUNCH_COMPSS] Waiting 10s ...
PERSISTENT_WORKER.sh
- HostName:            s07r2b10
- WorkerPort:          43001
- WorkingDir:          /home/bsc23/bsc23210/macshare/biobb_wf_pmxligand/tmp.50HikJaXz1/ffdfad80-fdfc-425b-85ce-74d1807151ce/s07r2b10
- InstallDir:          /apps/COMPSs/2.6
- Streaming Type:      null
- Streaming Port:      44000
- Computing Units CPU: 48
- Computing Units GPU: 0
- Computing Units GPU: 0
- Limit Of Tasks:      -1
- JVM Opts:            
- AppUUID:             ffdfad80-fdfc-425b-85ce-74d1807151ce
- Lang:                python
- AppDir:              /home/bsc23/bsc23210/macshare/biobb_wf_pmxligand
- libPath:             /home/bsc23/bsc23210/macshare/biobb_wf_pmxligand
- Classpath:           /home/bsc23/bsc23210/macshare/biobb_wf_pmxligand
- Pythonpath:          /home/bsc23/bsc23210/macshare/biobb_wf_pmxligand
- Python Interpreter   python
- Python Version       3
- Python Virtual Env.  null
- Python Propagate Virtual Env.  true
- Python MPI Worker.  false
- Tracing:             0
- ExtraeFile:          null
- HostId:              1
- StorageConf:         null
- ExecType:            compss
- Persistent:          false
[persistent_worker.sh] Calling NIOWorker of host s07r2b10
Calling NIOWorker
Cmd: java      -XX:+PerfDisableSharedMem     -XX:-UsePerfData     -XX:+UseG1GC     -Dlog4j.configurationFile=/apps/COMPSs/2.6/Runtime/configuration/log/COMPSsWorker-log4j.debug     -Dcompss.streaming=null     -Dcompss.python.interpreter=python     -Dcompss.python.version=3     -Dcompss.python.virtualenvironment=null     -Dcompss.python.propagate_virtualenvironment=true     -Djava.library.path=/home/bsc23/bsc23210/macshare/biobb_wf_pmxligand:/apps/COMPSs/2.6/Runtime/scripts/system/adaptors/nio/../../../../../Bindings/bindings-common/lib:/apps/COMPSs/2.6/Runtime/scripts/system/adaptors/nio/../../../../../Bindings/c/lib:/apps/GROMACS/2019.1/INTEL/IMPI/lib64:/apps/INTEL/2018.4.057/mkl/lib/intel64:/apps/INTEL/2018.4.057/impi/2018.4.274/lib64:/apps/INTEL/2018.4.057/lib/intel64:/apps/PAPI/5.5.1/lib:/apps/ANACONDA/2018.12_py3/lib:/apps/JDK/8u131/jre/lib/amd64/server:/home/bsc23/bsc23210/macshare/biobb_wf_pmxligand -classpath /home/bsc23/bsc23210/macshare/biobb_wf_pmxligand:/apps/COMPSs/2.6/Runtime/compss-engine.jar:/home/bsc23/bsc23210/macshare/biobb_wf_pmxligand/*.jar:/home/bsc23/bsc23210/macshare/biobb_wf_pmxligand/lib/*.jar:/apps/COMPSs/2.6/Runtime/scripts/system/adaptors/nio/../../../../adaptors/nio/worker/compss-adaptors-nio-worker.jar es.bsc.compss.nio.worker.NIOWorker true 5 5 s07r2b10 43001 s07r2b10 43588 44000 48 0 0 automatic automatic automatic -1 ffdfad80-fdfc-425b-85ce-74d1807151ce python /home/bsc23/bsc23210/macshare/biobb_wf_pmxligand/tmp.50HikJaXz1/ffdfad80-fdfc-425b-85ce-74d1807151ce/s07r2b10 /apps/COMPSs/2.6 /home/bsc23/bsc23210/macshare/biobb_wf_pmxligand /home/bsc23/bsc23210/macshare/biobb_wf_pmxligand /home/bsc23/bsc23210/macshare/biobb_wf_pmxligand /home/bsc23/bsc23210/macshare/biobb_wf_pmxligand 0 null 1 null compss false python 3 null true false
