[(578)(2020-01-22 00:35:36,625)              Worker]    @main             -  maxSnd: 5
[(584)(2020-01-22 00:35:36,631)              Worker]    @main             -  maxRcv: 5
[(584)(2020-01-22 00:35:36,631)              Worker]    @main             -  WorkerName: s07r2b10
[(584)(2020-01-22 00:35:36,631)              Worker]    @main             -  WorkerPort: 43001
[(584)(2020-01-22 00:35:36,631)              Worker]    @main             -  MasterName: s07r2b10
[(584)(2020-01-22 00:35:36,631)              Worker]    @main             -  MasterPort: 43588
[(585)(2020-01-22 00:35:36,632)              Worker]    @main             -  StreamingPort: 44000
[(585)(2020-01-22 00:35:36,632)              Worker]    @main             -  Computing Units CPU: 48
[(585)(2020-01-22 00:35:36,632)              Worker]    @main             -  Computing Units GPU: 0
[(585)(2020-01-22 00:35:36,632)              Worker]    @main             -  Computing Units FPGA: 0
[(585)(2020-01-22 00:35:36,632)              Worker]    @main             -  User defined CPU Map: automatic
[(585)(2020-01-22 00:35:36,632)              Worker]    @main             -  User defined GPU Map: automatic
[(585)(2020-01-22 00:35:36,632)              Worker]    @main             -  User defined FPGA Map: automatic
[(585)(2020-01-22 00:35:36,632)              Worker]    @main             -  Limit Of Tasks: -1
[(586)(2020-01-22 00:35:36,633)              Worker]    @main             -  App uuid: ffdfad80-fdfc-425b-85ce-74d1807151ce
[(586)(2020-01-22 00:35:36,633)              Worker]    @main             -  WorkingDir:/home/bsc23/bsc23210/macshare/biobb_wf_pmxligand/tmp.50HikJaXz1/ffdfad80-fdfc-425b-85ce-74d1807151ce/s07r2b10
[(586)(2020-01-22 00:35:36,633)              Worker]    @main             -  Install Dir: /apps/COMPSs/2.6
[(586)(2020-01-22 00:35:36,633)              Worker]    @main             -  Tracing: 0
[(586)(2020-01-22 00:35:36,633)              Worker]    @main             -  Extrae config File: null
[(586)(2020-01-22 00:35:36,633)              Worker]    @main             -  Host: 1
[(586)(2020-01-22 00:35:36,633)              Worker]    @main             -  LibraryPath: /home/bsc23/bsc23210/macshare/biobb_wf_pmxligand
[(586)(2020-01-22 00:35:36,633)              Worker]    @main             -  Classpath: /home/bsc23/bsc23210/macshare/biobb_wf_pmxligand
[(586)(2020-01-22 00:35:36,633)              Worker]    @main             -  Pythonpath: /home/bsc23/bsc23210/macshare/biobb_wf_pmxligand
[(587)(2020-01-22 00:35:36,634)              Worker]    @main             -  StorageConf: null
[(587)(2020-01-22 00:35:36,634)              Worker]    @main             -  executionType: COMPSS
[(587)(2020-01-22 00:35:36,634)              Worker]    @main             -  Persistent c: false
[(587)(2020-01-22 00:35:36,634)              Worker]    @main             -  Python interpreter: python
[(587)(2020-01-22 00:35:36,634)              Worker]    @main             -  Python version: 3
[(587)(2020-01-22 00:35:36,634)              Worker]    @main             -  Python virtual environment: null
[(587)(2020-01-22 00:35:36,634)              Worker]    @main             -  Python propagate virtual environment: true
[(587)(2020-01-22 00:35:36,634)              Worker]    @main             -  Python use MPI worker: false
[(587)(2020-01-22 00:35:36,634)              Worker]    @main             -  Remove Sanbox WD: true
[(588)(2020-01-22 00:35:36,635)       Communication]    @<init>           -  [NIO Agent] Debug: true
[(588)(2020-01-22 00:35:36,635)              Worker]    @<init>           -  NIO Worker init
[(590)(2020-01-22 00:35:36,637)             Tracing]    @init             -  Initializing NIO tracing level [0]
[(593)(2020-01-22 00:35:36,640)              Worker]    @init             -  No streaming backend passed
[(593)(2020-01-22 00:35:36,640)              Worker]    @init             -  No storage configuration file passed
[(595)(2020-01-22 00:35:36,642)         ExecManager]    @<init>           -  Instantiate CPU Binder with 48 CUs
[(670)(2020-01-22 00:35:36,717)        ThreadBinder]    @cessLsCpuOutput  -  Parsing LSCPU Output : Architecture:          x86_64
CPU op-mode(s):        32-bit, 64-bit
Byte Order:            Little Endian
CPU(s):                48
On-line CPU(s) list:   0-47
Thread(s) per core:    1
Core(s) per socket:    24
Socket(s):             2
NUMA node(s):          2
Vendor ID:             GenuineIntel
CPU family:            6
Model:                 85
Model name:            Intel(R) Xeon(R) Platinum 8160 CPU @ 2.10GHz
Stepping:              4
CPU MHz:               2100.000
CPU max MHz:           2101.0000
CPU min MHz:           1000.0000
BogoMIPS:              4190.16
Virtualization:        VT-x
L1d cache:             32K
L1i cache:             32K
L2 cache:              1024K
L3 cache:              33792K
NUMA node0 CPU(s):     0-23
NUMA node1 CPU(s):     24-47
Flags:                 fpu vme de pse tsc msr pae mce cx8 apic sep mtrr pge mca cmov pat pse36 clflush dts acpi mmx fxsr sse sse2 ss ht tm pbe syscall nx pdpe1gb rdtscp lm constant_tsc art arch_perfmon pebs bts rep_good nopl xtopology nonstop_tsc aperfmperf eagerfpu pni pclmulqdq dtes64 monitor ds_cpl vmx smx est tm2 ssse3 sdbg fma cx16 xtpr pdcm pcid dca sse4_1 sse4_2 x2apic movbe popcnt tsc_deadline_timer aes xsave avx f16c rdrand lahf_lm abm 3dnowprefetch ida arat epb pln pts dtherm intel_pt tpr_shadow vnmi flexpriority ept vpid fsgsbase tsc_adjust bmi1 hle avx2 smep bmi2 erms invpcid rtm cqm mpx avx512f avx512dq rdseed adx smap clflushopt clwb avx512cd avx512bw avx512vl xsaveopt xsavec xgetbv1 cqm_llc cqm_occup_llc

[(670)(2020-01-22 00:35:36,717)        ThreadBinder]    @cessLsCpuOutput  -  CPU Map constructed by Affinity per Numa Node
[(670)(2020-01-22 00:35:36,717)        ThreadBinder]    @cessLsCpuOutput  -  CPU Map: 0-23/24-47
[(671)(2020-01-22 00:35:36,718)        ThreadBinder]    @liarConstructor  -  [ThreadBinderCPUs] Socket 0
[(671)(2020-01-22 00:35:36,718)        ThreadBinder]    @liarConstructor  -  [ThreadBinderCPUs] Registered slots: -1 -1 -1 -1 -1 -1 -1 -1 -1 -1 -1 -1 -1 -1 -1 -1 -1 -1 -1 -1 -1 -1 -1 -1 
[(671)(2020-01-22 00:35:36,718)        ThreadBinder]    @liarConstructor  -  [ThreadBinderCPUs] Registered ids: 0 1 2 3 4 5 6 7 8 9 10 11 12 13 14 15 16 17 18 19 20 21 22 23 
[(671)(2020-01-22 00:35:36,718)        ThreadBinder]    @liarConstructor  -  [ThreadBinderCPUs] Socket 1
[(671)(2020-01-22 00:35:36,718)        ThreadBinder]    @liarConstructor  -  [ThreadBinderCPUs] Registered slots: -1 -1 -1 -1 -1 -1 -1 -1 -1 -1 -1 -1 -1 -1 -1 -1 -1 -1 -1 -1 -1 -1 -1 -1 
[(671)(2020-01-22 00:35:36,718)        ThreadBinder]    @liarConstructor  -  [ThreadBinderCPUs] Registered ids: 24 25 26 27 28 29 30 31 32 33 34 35 36 37 38 39 40 41 42 43 44 45 46 47 
[(671)(2020-01-22 00:35:36,718)         ExecManager]    @<init>           -  Instantiate GPU Binder with 0 CUs
[(672)(2020-01-22 00:35:36,719)         ExecManager]    @<init>           -  Instantiate FPGA Binder with 0 CUs
[(673)(2020-01-22 00:35:36,720)          ThreadPool]    @<init>           -  Initializing execution platform CPUThreadPool
[(683)(2020-01-22 00:35:36,730)            Executor]    @<init>           -  Executor init
[(684)(2020-01-22 00:35:36,731)            Executor]    @<init>           -  Executor init
[(684)(2020-01-22 00:35:36,731)            Executor]    @<init>           -  Executor init
[(684)(2020-01-22 00:35:36,731)            Executor]    @<init>           -  Executor init
[(684)(2020-01-22 00:35:36,731)            Executor]    @<init>           -  Executor init
[(685)(2020-01-22 00:35:36,732)            Executor]    @<init>           -  Executor init
[(685)(2020-01-22 00:35:36,732)            Executor]    @<init>           -  Executor init
[(685)(2020-01-22 00:35:36,732)            Executor]    @<init>           -  Executor init
[(685)(2020-01-22 00:35:36,732)            Executor]    @<init>           -  Executor init
[(686)(2020-01-22 00:35:36,733)            Executor]    @<init>           -  Executor init
[(686)(2020-01-22 00:35:36,733)            Executor]    @<init>           -  Executor init
[(686)(2020-01-22 00:35:36,733)            Executor]    @<init>           -  Executor init
[(687)(2020-01-22 00:35:36,734)            Executor]    @<init>           -  Executor init
[(687)(2020-01-22 00:35:36,734)            Executor]    @<init>           -  Executor init
[(687)(2020-01-22 00:35:36,734)            Executor]    @<init>           -  Executor init
[(687)(2020-01-22 00:35:36,734)            Executor]    @<init>           -  Executor init
[(687)(2020-01-22 00:35:36,734)            Executor]    @<init>           -  Executor init
[(688)(2020-01-22 00:35:36,735)            Executor]    @<init>           -  Executor init
[(688)(2020-01-22 00:35:36,735)            Executor]    @<init>           -  Executor init
[(688)(2020-01-22 00:35:36,735)            Executor]    @<init>           -  Executor init
[(688)(2020-01-22 00:35:36,735)            Executor]    @<init>           -  Executor init
[(688)(2020-01-22 00:35:36,735)            Executor]    @<init>           -  Executor init
[(689)(2020-01-22 00:35:36,736)            Executor]    @<init>           -  Executor init
[(689)(2020-01-22 00:35:36,736)            Executor]    @<init>           -  Executor init
[(689)(2020-01-22 00:35:36,736)            Executor]    @<init>           -  Executor init
[(689)(2020-01-22 00:35:36,736)            Executor]    @<init>           -  Executor init
[(689)(2020-01-22 00:35:36,736)            Executor]    @<init>           -  Executor init
[(690)(2020-01-22 00:35:36,737)            Executor]    @<init>           -  Executor init
[(690)(2020-01-22 00:35:36,737)            Executor]    @<init>           -  Executor init
[(690)(2020-01-22 00:35:36,737)            Executor]    @<init>           -  Executor init
[(690)(2020-01-22 00:35:36,737)            Executor]    @<init>           -  Executor init
[(690)(2020-01-22 00:35:36,737)            Executor]    @<init>           -  Executor init
[(691)(2020-01-22 00:35:36,738)            Executor]    @<init>           -  Executor init
[(691)(2020-01-22 00:35:36,738)            Executor]    @<init>           -  Executor init
[(691)(2020-01-22 00:35:36,738)            Executor]    @<init>           -  Executor init
[(691)(2020-01-22 00:35:36,738)            Executor]    @<init>           -  Executor init
[(691)(2020-01-22 00:35:36,738)            Executor]    @<init>           -  Executor init
[(692)(2020-01-22 00:35:36,739)            Executor]    @<init>           -  Executor init
[(692)(2020-01-22 00:35:36,739)            Executor]    @<init>           -  Executor init
[(692)(2020-01-22 00:35:36,739)            Executor]    @<init>           -  Executor init
[(693)(2020-01-22 00:35:36,740)            Executor]    @<init>           -  Executor init
[(693)(2020-01-22 00:35:36,740)            Executor]    @<init>           -  Executor init
[(693)(2020-01-22 00:35:36,740)            Executor]    @<init>           -  Executor init
[(693)(2020-01-22 00:35:36,740)            Executor]    @<init>           -  Executor init
[(694)(2020-01-22 00:35:36,741)            Executor]    @<init>           -  Executor init
[(694)(2020-01-22 00:35:36,741)            Executor]    @<init>           -  Executor init
[(694)(2020-01-22 00:35:36,741)            Executor]    @<init>           -  Executor init
[(694)(2020-01-22 00:35:36,741)            Executor]    @<init>           -  Executor init
[(694)(2020-01-22 00:35:36,741)         ExecManager]    @init             -  Init Execution Manager
[(694)(2020-01-22 00:35:36,741)          ThreadPool]    @start            -  Starting execution platform CPUThreadPool
[(696)(2020-01-22 00:35:36,743)          ThreadPool]    @start            -  Starting Thread CPUThreadPool compute thread # 47
[(696)(2020-01-22 00:35:36,743)          ThreadPool]    @start            -  Starting Thread CPUThreadPool compute thread # 46
[(696)(2020-01-22 00:35:36,743)          ThreadPool]    @start            -  Starting Thread CPUThreadPool compute thread # 45
[(697)(2020-01-22 00:35:36,744)          ThreadPool]    @start            -  Starting Thread CPUThreadPool compute thread # 44
[(696)(2020-01-22 00:35:36,743)            Executor]    @start            -  Executor started
[(696)(2020-01-22 00:35:36,743)            Executor]    @start            -  Executor started
[(697)(2020-01-22 00:35:36,744)          ThreadPool]    @start            -  Starting Thread CPUThreadPool compute thread # 43
[(697)(2020-01-22 00:35:36,744)            Executor]    @start            -  Executor started
[(698)(2020-01-22 00:35:36,745)          ThreadPool]    @start            -  Starting Thread CPUThreadPool compute thread # 42
[(698)(2020-01-22 00:35:36,745)            Executor]    @start            -  Executor started
[(698)(2020-01-22 00:35:36,745)          ThreadPool]    @start            -  Starting Thread CPUThreadPool compute thread # 41
[(698)(2020-01-22 00:35:36,745)            Executor]    @start            -  Executor started
[(699)(2020-01-22 00:35:36,746)          ThreadPool]    @start            -  Starting Thread CPUThreadPool compute thread # 40
[(699)(2020-01-22 00:35:36,746)          ThreadPool]    @start            -  Starting Thread CPUThreadPool compute thread # 39
[(699)(2020-01-22 00:35:36,746)            Executor]    @start            -  Executor started
[(699)(2020-01-22 00:35:36,746)          ThreadPool]    @start            -  Starting Thread CPUThreadPool compute thread # 38
[(699)(2020-01-22 00:35:36,746)            Executor]    @start            -  Executor started
[(700)(2020-01-22 00:35:36,747)          ThreadPool]    @start            -  Starting Thread CPUThreadPool compute thread # 37
[(700)(2020-01-22 00:35:36,747)          ThreadPool]    @start            -  Starting Thread CPUThreadPool compute thread # 36
[(700)(2020-01-22 00:35:36,747)            Executor]    @start            -  Executor started
[(701)(2020-01-22 00:35:36,748)            Executor]    @start            -  Executor started
[(701)(2020-01-22 00:35:36,748)          ThreadPool]    @start            -  Starting Thread CPUThreadPool compute thread # 35
[(701)(2020-01-22 00:35:36,748)            Executor]    @start            -  Executor started
[(702)(2020-01-22 00:35:36,749)          ThreadPool]    @start            -  Starting Thread CPUThreadPool compute thread # 34
[(702)(2020-01-22 00:35:36,749)            Executor]    @start            -  Executor started
[(702)(2020-01-22 00:35:36,749)          ThreadPool]    @start            -  Starting Thread CPUThreadPool compute thread # 33
[(702)(2020-01-22 00:35:36,749)            Executor]    @start            -  Executor started
[(702)(2020-01-22 00:35:36,749)            Executor]    @start            -  Executor started
[(703)(2020-01-22 00:35:36,750)          ThreadPool]    @start            -  Starting Thread CPUThreadPool compute thread # 32
[(703)(2020-01-22 00:35:36,750)          ThreadPool]    @start            -  Starting Thread CPUThreadPool compute thread # 31
[(703)(2020-01-22 00:35:36,750)            Executor]    @start            -  Executor started
[(704)(2020-01-22 00:35:36,751)          ThreadPool]    @start            -  Starting Thread CPUThreadPool compute thread # 30
[(704)(2020-01-22 00:35:36,751)            Executor]    @start            -  Executor started
[(704)(2020-01-22 00:35:36,751)          ThreadPool]    @start            -  Starting Thread CPUThreadPool compute thread # 29
[(704)(2020-01-22 00:35:36,751)            Executor]    @start            -  Executor started
[(705)(2020-01-22 00:35:36,752)          ThreadPool]    @start            -  Starting Thread CPUThreadPool compute thread # 28
[(705)(2020-01-22 00:35:36,752)            Executor]    @start            -  Executor started
[(705)(2020-01-22 00:35:36,752)          ThreadPool]    @start            -  Starting Thread CPUThreadPool compute thread # 27
[(705)(2020-01-22 00:35:36,752)            Executor]    @start            -  Executor started
[(706)(2020-01-22 00:35:36,753)          ThreadPool]    @start            -  Starting Thread CPUThreadPool compute thread # 26
[(705)(2020-01-22 00:35:36,752)            Executor]    @start            -  Executor started
[(706)(2020-01-22 00:35:36,753)          ThreadPool]    @start            -  Starting Thread CPUThreadPool compute thread # 25
[(706)(2020-01-22 00:35:36,753)            Executor]    @start            -  Executor started
[(707)(2020-01-22 00:35:36,754)          ThreadPool]    @start            -  Starting Thread CPUThreadPool compute thread # 24
[(707)(2020-01-22 00:35:36,754)            Executor]    @start            -  Executor started
[(707)(2020-01-22 00:35:36,754)          ThreadPool]    @start            -  Starting Thread CPUThreadPool compute thread # 23
[(707)(2020-01-22 00:35:36,754)            Executor]    @start            -  Executor started
[(707)(2020-01-22 00:35:36,754)          ThreadPool]    @start            -  Starting Thread CPUThreadPool compute thread # 22
[(707)(2020-01-22 00:35:36,754)            Executor]    @start            -  Executor started
[(708)(2020-01-22 00:35:36,755)          ThreadPool]    @start            -  Starting Thread CPUThreadPool compute thread # 21
[(708)(2020-01-22 00:35:36,755)            Executor]    @start            -  Executor started
[(708)(2020-01-22 00:35:36,755)          ThreadPool]    @start            -  Starting Thread CPUThreadPool compute thread # 20
[(708)(2020-01-22 00:35:36,755)            Executor]    @start            -  Executor started
[(709)(2020-01-22 00:35:36,756)          ThreadPool]    @start            -  Starting Thread CPUThreadPool compute thread # 19
[(709)(2020-01-22 00:35:36,756)            Executor]    @start            -  Executor started
[(710)(2020-01-22 00:35:36,757)          ThreadPool]    @start            -  Starting Thread CPUThreadPool compute thread # 18
[(710)(2020-01-22 00:35:36,757)          ThreadPool]    @start            -  Starting Thread CPUThreadPool compute thread # 17
[(709)(2020-01-22 00:35:36,756)            Executor]    @start            -  Executor started
[(709)(2020-01-22 00:35:36,756)            Executor]    @start            -  Executor started
[(710)(2020-01-22 00:35:36,757)            Executor]    @start            -  Executor started
[(710)(2020-01-22 00:35:36,757)          ThreadPool]    @start            -  Starting Thread CPUThreadPool compute thread # 16
[(710)(2020-01-22 00:35:36,757)            Executor]    @start            -  Executor started
[(710)(2020-01-22 00:35:36,757)          ThreadPool]    @start            -  Starting Thread CPUThreadPool compute thread # 15
[(728)(2020-01-22 00:35:36,775)            Executor]    @start            -  Executor started
[(729)(2020-01-22 00:35:36,776)            Executor]    @start            -  Executor started
[(729)(2020-01-22 00:35:36,776)          ThreadPool]    @start            -  Starting Thread CPUThreadPool compute thread # 14
[(729)(2020-01-22 00:35:36,776)          ThreadPool]    @start            -  Starting Thread CPUThreadPool compute thread # 13
[(729)(2020-01-22 00:35:36,776)            Executor]    @start            -  Executor started
[(729)(2020-01-22 00:35:36,776)          ThreadPool]    @start            -  Starting Thread CPUThreadPool compute thread # 12
[(729)(2020-01-22 00:35:36,776)            Executor]    @start            -  Executor started
[(729)(2020-01-22 00:35:36,776)          ThreadPool]    @start            -  Starting Thread CPUThreadPool compute thread # 11
[(729)(2020-01-22 00:35:36,776)            Executor]    @start            -  Executor started
[(729)(2020-01-22 00:35:36,776)          ThreadPool]    @start            -  Starting Thread CPUThreadPool compute thread # 10
[(729)(2020-01-22 00:35:36,776)            Executor]    @start            -  Executor started
[(730)(2020-01-22 00:35:36,777)          ThreadPool]    @start            -  Starting Thread CPUThreadPool compute thread # 9
[(730)(2020-01-22 00:35:36,777)            Executor]    @start            -  Executor started
[(730)(2020-01-22 00:35:36,777)          ThreadPool]    @start            -  Starting Thread CPUThreadPool compute thread # 8
[(730)(2020-01-22 00:35:36,777)            Executor]    @start            -  Executor started
[(730)(2020-01-22 00:35:36,777)          ThreadPool]    @start            -  Starting Thread CPUThreadPool compute thread # 7
[(730)(2020-01-22 00:35:36,777)            Executor]    @start            -  Executor started
[(730)(2020-01-22 00:35:36,777)          ThreadPool]    @start            -  Starting Thread CPUThreadPool compute thread # 6
[(730)(2020-01-22 00:35:36,777)          ThreadPool]    @start            -  Starting Thread CPUThreadPool compute thread # 5
[(730)(2020-01-22 00:35:36,777)            Executor]    @start            -  Executor started
[(730)(2020-01-22 00:35:36,777)            Executor]    @start            -  Executor started
[(730)(2020-01-22 00:35:36,777)          ThreadPool]    @start            -  Starting Thread CPUThreadPool compute thread # 4
[(730)(2020-01-22 00:35:36,777)            Executor]    @start            -  Executor started
[(731)(2020-01-22 00:35:36,778)          ThreadPool]    @start            -  Starting Thread CPUThreadPool compute thread # 3
[(731)(2020-01-22 00:35:36,778)            Executor]    @start            -  Executor started
[(731)(2020-01-22 00:35:36,778)          ThreadPool]    @start            -  Starting Thread CPUThreadPool compute thread # 2
[(731)(2020-01-22 00:35:36,778)            Executor]    @start            -  Executor started
[(731)(2020-01-22 00:35:36,778)          ThreadPool]    @start            -  Starting Thread CPUThreadPool compute thread # 1
[(731)(2020-01-22 00:35:36,778)            Executor]    @start            -  Executor started
[(731)(2020-01-22 00:35:36,778)          ThreadPool]    @start            -  Starting Thread CPUThreadPool compute thread # 0
[(731)(2020-01-22 00:35:36,778)            Executor]    @start            -  Executor started
[(731)(2020-01-22 00:35:36,778)          ThreadPool]    @start            -  Started execution platform CPUThreadPool with 48
[(731)(2020-01-22 00:35:36,778)            Executor]    @start            -  Executor started
[(731)(2020-01-22 00:35:36,778)            Executor]    @start            -  Executor started
[(732)(2020-01-22 00:35:36,779)              Worker]    @main             -    Initializing the TransferManager structures...
[(734)(2020-01-22 00:35:36,781)        EventManager]    @<init>           -  Instantiating EventManager
[(735)(2020-01-22 00:35:36,782)        EventManager]    @init             -  Initializing NIOEventManager
[(739)(2020-01-22 00:35:36,786)            Listener]    @<init>           -  Instantiating NIOListener
[(739)(2020-01-22 00:35:36,786)            Listener]    @init             -  Initializing NIOListener
[(744)(2020-01-22 00:35:36,791)        EventManager]    @startServer      -  Starting server on NIOEventManager
[(744)(2020-01-22 00:35:36,791)            Listener]    @startServer      -  Starting server on NIOListener
[(750)(2020-01-22 00:35:36,797)            Listener]    @startServer      -  Server started inet 0.0.0.0/0.0.0.0:43001
[(751)(2020-01-22 00:35:36,798)        EventManager]    @run              -  Starting NIOListener on NIOEventManager
[(751)(2020-01-22 00:35:36,798)        EventManager]    @run              -  EventManager started
[(751)(2020-01-22 00:35:36,798)            Listener]    @run              -  NIOListener started
